{
  "RSpec": {
    "coverage": {
      "/home/oleh/Documents/Milestep/boom/app/controllers/api/reposts_controller.rb": [
        1,
        1,
        2,
        2,
        null,
        null,
        1,
        2,
        null,
        null,
        1,
        3,
        3,
        2,
        2,
        2,
        2,
        null,
        null,
        1,
        null,
        null,
        null,
        1,
        4,
        2,
        null,
        2,
        null,
        null,
        null,
        1,
        3,
        1,
        null,
        2,
        null,
        null,
        null,
        1,
        null,
        1,
        4,
        null,
        null,
        1,
        18,
        null,
        null,
        1,
        3,
        null,
        null
      ],
      "/home/oleh/Documents/Milestep/boom/app/controllers/api/api_controller.rb": [
        1,
        1,
        1,
        null,
        1,
        null,
        1,
        0,
        0,
        null,
        null
      ],
      "/home/oleh/Documents/Milestep/boom/app/controllers/application_controller.rb": [
        1,
        1,
        null,
        1,
        14,
        null,
        null
      ],
      "/home/oleh/Documents/Milestep/boom/app/models/user.rb": [
        1,
        1,
        1,
        1,
        1,
        null,
        null,
        1,
        null,
        null,
        1,
        1,
        1,
        29,
        1,
        1,
        1,
        null,
        1,
        1,
        null,
        null,
        1,
        null,
        null,
        null,
        1,
        null,
        null,
        null,
        null,
        null,
        1,
        0,
        0,
        null,
        null,
        1,
        0,
        null,
        null,
        1,
        0,
        null,
        null,
        1,
        0,
        0,
        null,
        null,
        1,
        0,
        null,
        null,
        1,
        0,
        null,
        null,
        1,
        0,
        null,
        null,
        1,
        0,
        null,
        null,
        1,
        0,
        null,
        null,
        1,
        0,
        null,
        0,
        null,
        null,
        null,
        1,
        0,
        null,
        0,
        null,
        null,
        null,
        1,
        null,
        1,
        28,
        null,
        null,
        1,
        1,
        28,
        null,
        null,
        1,
        0,
        null,
        null,
        null
      ],
      "/home/oleh/Documents/Milestep/boom/app/models/application_record.rb": [
        1,
        1,
        null
      ],
      "/home/oleh/Documents/Milestep/boom/app/models/post.rb": [
        1,
        1,
        1,
        1,
        1,
        null,
        1,
        null
      ],
      "/home/oleh/Documents/Milestep/boom/app/models/repost.rb": [
        1,
        1,
        1,
        null
      ],
      "/home/oleh/Documents/Milestep/boom/lib/json_web_token.rb": [
        1,
        1,
        1,
        18,
        18,
        null,
        null,
        1,
        0,
        0,
        null,
        0,
        null,
        null,
        null
      ],
      "/home/oleh/Documents/Milestep/boom/app/serializers/repost_serializer.rb": [
        1,
        1,
        null,
        null,
        1,
        12,
        null,
        null,
        null,
        null,
        null,
        null,
        1,
        12,
        null,
        null,
        1,
        12,
        null,
        null,
        1,
        12,
        null,
        null,
        1,
        12,
        null,
        null,
        null,
        null,
        null,
        null,
        null,
        null,
        null,
        null,
        null,
        null,
        null,
        null,
        null
      ]
    },
    "timestamp": 1557906268
  }
}
